./Project_Test/XV6_Tests/kt_sys4.c:10:25: fatal error: trnmnt_tree.h: No such file or directory
compilation terminated.
Project_Test/Tests/test_5/Makefile:287: recipe for target '_kt_sys4' failed
make[1]: *** [_kt_sys4] Error 1
